2022-09-21 10:41:32,901 [INFO] Activator:177 - 


2022-09-21 10:41:32,902 [INFO] Activator:178 - !SESSION log4j initialized
2022-09-21 10:43:08,819 [INFO] McuFinderGlobals:39 - Set McuFinder mode to 2 (CubeIDE integrated)
2022-09-21 10:43:09,186 [INFO] ApplicationProperties:181 - Using Application install path: C:\ST\STM32CubeIDE_1.7.0\STM32CubeIDE\plugins\com.st.stm32cube.common.mx_6.3.0.202107141111
2022-09-21 10:43:09,202 [INFO] DbMcusXml:74 - Set database path to: C:\ST\STM32CubeIDE_1.7.0\STM32CubeIDE\plugins\com.st.stm32cube.common.mx_6.3.0.202107141111\\db\/mcu/
2022-09-21 10:43:09,207 [INFO] DbBoardsPdsc:56 - Set plugin database path to: C:\ST\STM32CubeIDE_1.7.0\STM32CubeIDE\plugins\com.st.stm32cube.common.mx_6.3.0.202107141111\\db\/plugins/boardmanager/
2022-09-21 10:43:09,207 [INFO] DbMcus:258 - Set plugin images path to: C:\ST\STM32CubeIDE_1.7.0\STM32CubeIDE\plugins\com.st.stm32cube.common.mx_6.3.0.202107141111\\db\/plugins/mcufinder/images/
2022-09-21 10:43:09,207 [INFO] DbBoards:264 - Set plugin images path to: C:\ST\STM32CubeIDE_1.7.0\STM32CubeIDE\plugins\com.st.stm32cube.common.mx_6.3.0.202107141111\\db\/plugins/mcufinder/images/
2022-09-21 10:43:09,212 [INFO] DbExamples:333 - Set plugin images path to: C:\ST\STM32CubeIDE_1.7.0\STM32CubeIDE\plugins\com.st.stm32cube.common.mx_6.3.0.202107141111\\db\/plugins/mcufinder/images/
2022-09-21 10:43:09,221 [INFO] DbMcusAds:119 - Set database path to: C:\Users\kd\.stmcufinder\plugins\mcufinder//mcu/
2022-09-21 10:43:09,222 [INFO] DbMcusDocs:110 - Set database path to: C:\Users\kd\.stmcufinder\plugins\mcufinder//mcu/
2022-09-21 10:43:09,225 [INFO] DbMcusJson:64 - Set database path to: C:\Users\kd\.stmcufinder\plugins\mcufinder//mcu/
2022-09-21 10:43:09,226 [INFO] DbBoardsDocs:110 - Set database path to: C:\Users\kd\.stmcufinder\plugins\mcufinder//mcu/
2022-09-21 10:43:09,227 [INFO] DbBoardsJson:57 - Set database path to: C:\Users\kd\.stmcufinder\plugins\mcufinder//mcu/
2022-09-21 10:43:10,185 [INFO] CrossReferenceDbSqlite:196 - Set database path to: C:\Users\kd\.stmcufinder\plugins\mcufinder//mcu/cs/
2022-09-21 10:43:10,194 [INFO] DbExamplesSqlite:767 - Set database path to: C:\Users\kd\.stmcufinder\plugins\mcufinder//mcu/
2022-09-21 10:43:10,301 [INFO] RulesReader:57 - Compatibility file has been processed (242 Rules)
2022-09-21 10:43:10,384 [INFO] DbMcusXml:74 - Set database path to: C:\ST\STM32CubeIDE_1.7.0\STM32CubeIDE\plugins\com.st.stm32cube.common.mx_6.3.0.202107141111\\db\/mcu/
2022-09-21 10:43:10,384 [INFO] DbBoardsPdsc:56 - Set plugin database path to: C:\ST\STM32CubeIDE_1.7.0\STM32CubeIDE\plugins\com.st.stm32cube.common.mx_6.3.0.202107141111\\db\/plugins/boardmanager/
2022-09-21 10:43:10,385 [INFO] DbMcus:258 - Set plugin images path to: C:\ST\STM32CubeIDE_1.7.0\STM32CubeIDE\plugins\com.st.stm32cube.common.mx_6.3.0.202107141111\\db\/plugins/mcufinder/images/
2022-09-21 10:43:10,385 [INFO] DbBoards:264 - Set plugin images path to: C:\ST\STM32CubeIDE_1.7.0\STM32CubeIDE\plugins\com.st.stm32cube.common.mx_6.3.0.202107141111\\db\/plugins/mcufinder/images/
2022-09-21 10:43:10,385 [INFO] DbExamples:333 - Set plugin images path to: C:\ST\STM32CubeIDE_1.7.0\STM32CubeIDE\plugins\com.st.stm32cube.common.mx_6.3.0.202107141111\\db\/plugins/mcufinder/images/
2022-09-21 10:43:10,385 [WARN] DbFile:35 - Overriding database path with different value: C:\Users\kd\.stmcufinder\plugins\mcufinder/ => C:\Users\kd\.stmcufinder\plugins\mcufinder
2022-09-21 10:43:10,385 [INFO] DbMcusAds:119 - Set database path to: C:\Users\kd\.stmcufinder\plugins\mcufinder//mcu/
2022-09-21 10:43:10,385 [WARN] DbFile:35 - Overriding database path with different value: C:\Users\kd\.stmcufinder\plugins\mcufinder/ => C:\Users\kd\.stmcufinder\plugins\mcufinder
2022-09-21 10:43:10,385 [INFO] DbMcusDocs:110 - Set database path to: C:\Users\kd\.stmcufinder\plugins\mcufinder//mcu/
2022-09-21 10:43:10,385 [WARN] DbFile:35 - Overriding database path with different value: C:\Users\kd\.stmcufinder\plugins\mcufinder/ => C:\Users\kd\.stmcufinder\plugins\mcufinder
2022-09-21 10:43:10,385 [INFO] DbMcusJson:64 - Set database path to: C:\Users\kd\.stmcufinder\plugins\mcufinder//mcu/
2022-09-21 10:43:10,386 [WARN] DbFile:35 - Overriding database path with different value: C:\Users\kd\.stmcufinder\plugins\mcufinder/ => C:\Users\kd\.stmcufinder\plugins\mcufinder
2022-09-21 10:43:10,386 [INFO] DbBoardsDocs:110 - Set database path to: C:\Users\kd\.stmcufinder\plugins\mcufinder//mcu/
2022-09-21 10:43:10,386 [WARN] DbFile:35 - Overriding database path with different value: C:\Users\kd\.stmcufinder\plugins\mcufinder/ => C:\Users\kd\.stmcufinder\plugins\mcufinder
2022-09-21 10:43:10,386 [INFO] DbBoardsJson:57 - Set database path to: C:\Users\kd\.stmcufinder\plugins\mcufinder//mcu/
2022-09-21 10:43:10,386 [WARN] DbFile:35 - Overriding database path with different value: C:\Users\kd\.stmcufinder\plugins\mcufinder/ => C:\Users\kd\.stmcufinder\plugins\mcufinder
2022-09-21 10:43:10,386 [WARN] DbFile:35 - Overriding database path with different value: C:\Users\kd\.stmcufinder\plugins\mcufinder/ => C:\Users\kd\.stmcufinder\plugins\mcufinder
2022-09-21 10:43:11,186 [INFO] CrossReferenceDbSqlite:196 - Set database path to: C:\Users\kd\.stmcufinder\plugins\mcufinder//mcu/cs/
2022-09-21 10:43:11,186 [WARN] DbFile:35 - Overriding database path with different value: C:\Users\kd\.stmcufinder\plugins\mcufinder/ => C:\Users\kd\.stmcufinder\plugins\mcufinder
2022-09-21 10:43:11,186 [INFO] DbExamplesSqlite:767 - Set database path to: C:\Users\kd\.stmcufinder\plugins\mcufinder//mcu/
2022-09-21 10:43:11,274 [INFO] MainPanel:214 - HeapMemory: 558891008
2022-09-21 10:43:11,367 [INFO] DbMcusXml:74 - Set database path to: C:\ST\STM32CubeIDE_1.7.0\STM32CubeIDE\plugins\com.st.stm32cube.common.mx_6.3.0.202107141111\\db\/mcu/
2022-09-21 10:43:11,368 [INFO] DbBoardsPdsc:56 - Set plugin database path to: C:\ST\STM32CubeIDE_1.7.0\STM32CubeIDE\plugins\com.st.stm32cube.common.mx_6.3.0.202107141111\\db\/plugins/boardmanager/
2022-09-21 10:43:11,368 [INFO] DbMcus:258 - Set plugin images path to: C:\ST\STM32CubeIDE_1.7.0\STM32CubeIDE\plugins\com.st.stm32cube.common.mx_6.3.0.202107141111\\db\/plugins/mcufinder/images/
2022-09-21 10:43:11,368 [INFO] DbBoards:264 - Set plugin images path to: C:\ST\STM32CubeIDE_1.7.0\STM32CubeIDE\plugins\com.st.stm32cube.common.mx_6.3.0.202107141111\\db\/plugins/mcufinder/images/
2022-09-21 10:43:11,368 [INFO] DbExamples:333 - Set plugin images path to: C:\ST\STM32CubeIDE_1.7.0\STM32CubeIDE\plugins\com.st.stm32cube.common.mx_6.3.0.202107141111\\db\/plugins/mcufinder/images/
2022-09-21 10:43:11,368 [WARN] DbFile:35 - Overriding database path with different value: C:\Users\kd\.stmcufinder\plugins\mcufinder/ => C:\Users\kd\.stmcufinder\plugins\mcufinder
2022-09-21 10:43:11,369 [INFO] DbMcusAds:119 - Set database path to: C:\Users\kd\.stmcufinder\plugins\mcufinder//mcu/
2022-09-21 10:43:11,369 [WARN] DbFile:35 - Overriding database path with different value: C:\Users\kd\.stmcufinder\plugins\mcufinder/ => C:\Users\kd\.stmcufinder\plugins\mcufinder
2022-09-21 10:43:11,369 [INFO] DbMcusDocs:110 - Set database path to: C:\Users\kd\.stmcufinder\plugins\mcufinder//mcu/
2022-09-21 10:43:11,369 [WARN] DbFile:35 - Overriding database path with different value: C:\Users\kd\.stmcufinder\plugins\mcufinder/ => C:\Users\kd\.stmcufinder\plugins\mcufinder
2022-09-21 10:43:11,369 [INFO] DbMcusJson:64 - Set database path to: C:\Users\kd\.stmcufinder\plugins\mcufinder//mcu/
2022-09-21 10:43:11,369 [WARN] DbFile:35 - Overriding database path with different value: C:\Users\kd\.stmcufinder\plugins\mcufinder/ => C:\Users\kd\.stmcufinder\plugins\mcufinder
2022-09-21 10:43:11,369 [INFO] DbBoardsDocs:110 - Set database path to: C:\Users\kd\.stmcufinder\plugins\mcufinder//mcu/
2022-09-21 10:43:11,369 [WARN] DbFile:35 - Overriding database path with different value: C:\Users\kd\.stmcufinder\plugins\mcufinder/ => C:\Users\kd\.stmcufinder\plugins\mcufinder
2022-09-21 10:43:11,369 [INFO] DbBoardsJson:57 - Set database path to: C:\Users\kd\.stmcufinder\plugins\mcufinder//mcu/
2022-09-21 10:43:11,369 [WARN] DbFile:35 - Overriding database path with different value: C:\Users\kd\.stmcufinder\plugins\mcufinder/ => C:\Users\kd\.stmcufinder\plugins\mcufinder
2022-09-21 10:43:11,369 [WARN] DbFile:35 - Overriding database path with different value: C:\Users\kd\.stmcufinder\plugins\mcufinder/ => C:\Users\kd\.stmcufinder\plugins\mcufinder
2022-09-21 10:43:12,195 [INFO] CrossReferenceDbSqlite:196 - Set database path to: C:\Users\kd\.stmcufinder\plugins\mcufinder//mcu/cs/
2022-09-21 10:43:12,195 [WARN] DbFile:35 - Overriding database path with different value: C:\Users\kd\.stmcufinder\plugins\mcufinder/ => C:\Users\kd\.stmcufinder\plugins\mcufinder
2022-09-21 10:43:12,196 [INFO] DbExamplesSqlite:767 - Set database path to: C:\Users\kd\.stmcufinder\plugins\mcufinder//mcu/
2022-09-21 10:43:12,251 [INFO] ApplicationProperties:181 - Using Application install path: C:\ST\STM32CubeIDE_1.7.0\STM32CubeIDE\plugins\com.st.stm32cube.common.mx_6.3.0.202107141111
2022-09-21 10:43:12,254 [INFO] PluginManage:188 - Search for loadable plugins [exclusion list=, ]
2022-09-21 10:43:12,256 [INFO] PluginManage:302 - Check plugin analytics
2022-09-21 10:43:13,330 [INFO] AnalyticsPlugin:257 - Accepted Software Licenses: 
2022-09-21 10:43:13,331 [INFO] AnalyticsPlugin:259 - Accepted CMSIS Pack Licenses: 
2022-09-21 10:43:13,331 [INFO] AnalyticsPlugin:261 - Accepted Firmware Licenses: 
2022-09-21 10:43:13,331 [INFO] PluginManage:352 - Loaded plugin analytics (category:tool,tabindex:-1)
2022-09-21 10:43:13,331 [INFO] PluginManage:302 - Check plugin clock
2022-09-21 10:43:13,350 [INFO] PluginManage:352 - Loaded plugin clock (category:base,tabindex:2)
2022-09-21 10:43:13,350 [INFO] PluginManage:302 - Check plugin ddr
2022-09-21 10:43:13,352 [INFO] PluginManage:352 - Loaded plugin ddr (category:tool,tabindex:6)
2022-09-21 10:43:13,352 [INFO] PluginManage:302 - Check plugin filemanager
2022-09-21 10:43:13,469 [INFO] PluginManage:352 - Loaded plugin filemanager (category:base,tabindex:10)
2022-09-21 10:43:13,469 [INFO] PluginManage:302 - Check plugin ipmanager
2022-09-21 10:43:13,476 [INFO] PluginManage:352 - Loaded plugin ipmanager (category:base,tabindex:5)
2022-09-21 10:43:13,476 [INFO] PluginManage:302 - Check plugin pinoutandconfiguration
2022-09-21 10:43:13,491 [INFO] PluginManage:352 - Loaded plugin pinoutandconfiguration (category:base,tabindex:1)
2022-09-21 10:43:13,491 [INFO] PluginManage:302 - Check plugin pinoutconfig
2022-09-21 10:43:13,524 [INFO] PluginManage:352 - Loaded plugin pinoutconfig (category:base,tabindex:0)
2022-09-21 10:43:13,524 [INFO] PluginManage:302 - Check plugin power
2022-09-21 10:43:13,542 [INFO] PluginManage:352 - Loaded plugin power (category:power,tabindex:4)
2022-09-21 10:43:13,542 [INFO] PluginManage:302 - Check plugin projectmanager
2022-09-21 10:43:13,557 [INFO] PluginManage:352 - Loaded plugin projectmanager (category:projectmanager,tabindex:3)
2022-09-21 10:43:13,557 [INFO] PluginManage:302 - Check plugin thirdparty
2022-09-21 10:43:13,759 [WARN] IntegrityCheckThread:78 - waiting for thirdparty lock release [integrity check]
2022-09-21 10:43:13,759 [INFO] PluginManage:352 - Loaded plugin thirdparty (category:base,tabindex:-1)
2022-09-21 10:43:13,760 [INFO] PluginManage:302 - Check plugin tools
2022-09-21 10:43:13,760 [INFO] IntegrityCheckThread:80 - entering critical section [integrity check]
2022-09-21 10:43:13,761 [INFO] ThirdPartyUpdaterWithRetryManager:66 - Updater plugin not ready yet. [1/15]
2022-09-21 10:43:13,800 [INFO] PluginManage:352 - Loaded plugin tools (category:base,tabindex:7)
2022-09-21 10:43:13,801 [INFO] PluginManage:302 - Check plugin tutovideos
2022-09-21 10:43:14,012 [INFO] PluginManage:352 - Loaded plugin tutovideos (category:base,tabindex:-1)
2022-09-21 10:43:14,012 [INFO] PluginManage:302 - Check plugin updater
2022-09-21 10:43:14,026 [INFO] PluginManage:352 - Loaded plugin updater (category:base,tabindex:12)
2022-09-21 10:43:14,026 [INFO] PluginManage:275 - PluginManage : Loaded plugins [13]
2022-09-21 10:43:14,194 [INFO] PinOutPanel:1463 - setPackage(No Configuration,No Configuration)
2022-09-21 10:43:14,280 [INFO] IPUIPlugin:74 - create IPUIPlugin
2022-09-21 10:43:14,280 [INFO] PluginManager:213 - loadIPPluginJar : add adc
2022-09-21 10:43:14,311 [INFO] IPUIPlugin:74 - create IPUIPlugin
2022-09-21 10:43:14,311 [INFO] PluginManager:213 - loadIPPluginJar : add aes
2022-09-21 10:43:14,344 [INFO] IPUIPlugin:74 - create IPUIPlugin
2022-09-21 10:43:14,344 [INFO] PluginManager:213 - loadIPPluginJar : add can
2022-09-21 10:43:14,364 [INFO] IPUIPlugin:74 - create IPUIPlugin
2022-09-21 10:43:14,364 [INFO] PluginManager:213 - loadIPPluginJar : add comp
2022-09-21 10:43:14,388 [INFO] IPUIPlugin:74 - create IPUIPlugin
2022-09-21 10:43:14,388 [INFO] PluginManager:213 - loadIPPluginJar : add cryp
2022-09-21 10:43:14,412 [INFO] IPUIPlugin:74 - create IPUIPlugin
2022-09-21 10:43:14,412 [INFO] PluginManager:213 - loadIPPluginJar : add dfsdm
2022-09-21 10:43:14,423 [INFO] IPUIPlugin:74 - create IPUIPlugin
2022-09-21 10:43:14,423 [INFO] PluginManager:213 - loadIPPluginJar : add dma
2022-09-21 10:43:14,457 [INFO] IPUIPlugin:74 - create IPUIPlugin
2022-09-21 10:43:14,457 [INFO] PluginManager:213 - loadIPPluginJar : add dma3
2022-09-21 10:43:14,478 [INFO] IPUIPlugin:74 - create IPUIPlugin
2022-09-21 10:43:14,479 [INFO] PluginManager:213 - loadIPPluginJar : add fatfs
2022-09-21 10:43:14,518 [INFO] IPUIPlugin:74 - create IPUIPlugin
2022-09-21 10:43:14,518 [INFO] PluginManager:213 - loadIPPluginJar : add fmc
2022-09-21 10:43:14,529 [INFO] IPUIPlugin:74 - create IPUIPlugin
2022-09-21 10:43:14,530 [INFO] PluginManager:213 - loadIPPluginJar : add freertos
2022-09-21 10:43:14,547 [INFO] IPUIPlugin:74 - create IPUIPlugin
2022-09-21 10:43:14,548 [INFO] PluginManager:213 - loadIPPluginJar : add genericplugin
2022-09-21 10:43:14,608 [INFO] IPUIPlugin:74 - create IPUIPlugin
2022-09-21 10:43:14,608 [INFO] PluginManager:213 - loadIPPluginJar : add gfxmmu
2022-09-21 10:43:14,695 [INFO] IPUIPlugin:74 - create IPUIPlugin
2022-09-21 10:43:14,695 [INFO] PluginManager:213 - loadIPPluginJar : add gic
2022-09-21 10:43:14,705 [INFO] IPUIPlugin:74 - create IPUIPlugin
2022-09-21 10:43:14,705 [INFO] PluginManager:213 - loadIPPluginJar : add gpio
2022-09-21 10:43:14,760 [INFO] IPUIPlugin:74 - create IPUIPlugin
2022-09-21 10:43:14,760 [INFO] PluginManager:213 - loadIPPluginJar : add gtzc
2022-09-21 10:43:14,783 [INFO] IPUIPlugin:74 - create IPUIPlugin
2022-09-21 10:43:14,783 [INFO] PluginManager:213 - loadIPPluginJar : add hash
2022-09-21 10:43:14,822 [INFO] IPUIPlugin:74 - create IPUIPlugin
2022-09-21 10:43:14,823 [INFO] PluginManager:213 - loadIPPluginJar : add i2c
2022-09-21 10:43:14,854 [INFO] IPUIPlugin:74 - create IPUIPlugin
2022-09-21 10:43:14,854 [INFO] PluginManager:213 - loadIPPluginJar : add i2s
2022-09-21 10:43:14,862 [INFO] IPUIPlugin:74 - create IPUIPlugin
2022-09-21 10:43:14,862 [INFO] PluginManager:213 - loadIPPluginJar : add ipddr
2022-09-21 10:43:14,928 [INFO] IPUIPlugin:74 - create IPUIPlugin
2022-09-21 10:43:14,928 [INFO] PluginManager:213 - loadIPPluginJar : add linkedlist
2022-09-21 10:43:14,956 [INFO] IPUIPlugin:74 - create IPUIPlugin
2022-09-21 10:43:14,956 [INFO] PluginManager:213 - loadIPPluginJar : add lorawan
2022-09-21 10:43:14,985 [INFO] IPUIPlugin:74 - create IPUIPlugin
2022-09-21 10:43:14,985 [INFO] PluginManager:213 - loadIPPluginJar : add ltdc
2022-09-21 10:43:14,994 [INFO] IPUIPlugin:74 - create IPUIPlugin
2022-09-21 10:43:14,994 [INFO] PluginManager:213 - loadIPPluginJar : add mdma
2022-09-21 10:43:15,003 [INFO] IPUIPlugin:74 - create IPUIPlugin
2022-09-21 10:43:15,004 [INFO] PluginManager:213 - loadIPPluginJar : add nvic
2022-09-21 10:43:15,034 [INFO] IPUIPlugin:74 - create IPUIPlugin
2022-09-21 10:43:15,034 [INFO] PluginManager:213 - loadIPPluginJar : add opamp
2022-09-21 10:43:15,080 [INFO] IPUIPlugin:74 - create IPUIPlugin
2022-09-21 10:43:15,080 [INFO] PluginManager:213 - loadIPPluginJar : add openamp
2022-09-21 10:43:15,113 [INFO] IPUIPlugin:74 - create IPUIPlugin
2022-09-21 10:43:15,114 [INFO] PluginManager:213 - loadIPPluginJar : add pdm2pcm
2022-09-21 10:43:15,125 [INFO] IPUIPlugin:74 - create IPUIPlugin
2022-09-21 10:43:15,128 [INFO] PluginManager:213 - loadIPPluginJar : add plateformsettings
2022-09-21 10:43:15,148 [INFO] IPUIPlugin:74 - create IPUIPlugin
2022-09-21 10:43:15,148 [INFO] PluginManager:213 - loadIPPluginJar : add quadspi
2022-09-21 10:43:15,157 [INFO] IPUIPlugin:74 - create IPUIPlugin
2022-09-21 10:43:15,157 [INFO] PluginManager:213 - loadIPPluginJar : add resmgrutility
2022-09-21 10:43:15,198 [INFO] IPUIPlugin:74 - create IPUIPlugin
2022-09-21 10:43:15,198 [INFO] PluginManager:213 - loadIPPluginJar : add sai
2022-09-21 10:43:15,227 [INFO] IPUIPlugin:74 - create IPUIPlugin
2022-09-21 10:43:15,228 [INFO] PluginManager:213 - loadIPPluginJar : add spi
2022-09-21 10:43:15,271 [INFO] IPUIPlugin:74 - create IPUIPlugin
2022-09-21 10:43:15,271 [INFO] PluginManager:213 - loadIPPluginJar : add stm32_wpan
2022-09-21 10:43:15,292 [INFO] IPUIPlugin:74 - create IPUIPlugin
2022-09-21 10:43:15,292 [INFO] PluginManager:213 - loadIPPluginJar : add tim
2022-09-21 10:43:15,341 [INFO] IPUIPlugin:74 - create IPUIPlugin
2022-09-21 10:43:15,341 [INFO] PluginManager:213 - loadIPPluginJar : add touchsensing
2022-09-21 10:43:15,363 [INFO] IPUIPlugin:74 - create IPUIPlugin
2022-09-21 10:43:15,363 [INFO] PluginManager:213 - loadIPPluginJar : add tracer_emb
2022-09-21 10:43:15,385 [INFO] IPUIPlugin:74 - create IPUIPlugin
2022-09-21 10:43:15,385 [INFO] PluginManager:213 - loadIPPluginJar : add ts
2022-09-21 10:43:15,405 [INFO] IPUIPlugin:74 - create IPUIPlugin
2022-09-21 10:43:15,406 [INFO] PluginManager:213 - loadIPPluginJar : add tsc
2022-09-21 10:43:15,425 [INFO] IPUIPlugin:74 - create IPUIPlugin
2022-09-21 10:43:15,426 [INFO] PluginManager:213 - loadIPPluginJar : add ucpd
2022-09-21 10:43:15,461 [INFO] IPUIPlugin:74 - create IPUIPlugin
2022-09-21 10:43:15,461 [INFO] PluginManager:213 - loadIPPluginJar : add usart
2022-09-21 10:43:15,490 [INFO] IPUIPlugin:74 - create IPUIPlugin
2022-09-21 10:43:15,490 [INFO] PluginManager:213 - loadIPPluginJar : add usbx
2022-09-21 10:43:15,814 [FATAL] Updater:294 - Updater called before beeing initialized
2022-09-21 10:43:15,922 [FATAL] Updater:294 - Updater called before beeing initialized
2022-09-21 10:43:15,927 [INFO] DbMcusAds:47 - JSON generation date=Thu Sep 30 13:55:09 ICT 2021 (1632984909247)
2022-09-21 10:43:15,927 [FATAL] Updater:294 - Updater called before beeing initialized
2022-09-21 10:43:15,993 [WARN] DetailPanel:314 - Failed to get advertising image, set to default
2022-09-21 10:43:16,098 [FATAL] Updater:294 - Updater called before beeing initialized
2022-09-21 10:43:16,101 [FATAL] Updater:294 - Updater called before beeing initialized
2022-09-21 10:43:16,101 [FATAL] Updater:294 - Updater called before beeing initialized
2022-09-21 10:43:16,101 [WARN] DetailPanel:314 - Failed to get advertising image, set to default
2022-09-21 10:43:16,102 [FATAL] Updater:294 - Updater called before beeing initialized
2022-09-21 10:43:16,154 [ERROR] Updater:1075 - MainUpdater not yet initialized. External WinMGr cannot be set.
2022-09-21 10:43:16,161 [INFO] Updater:1012 - Updater Version found : 6.3.0
2022-09-21 10:43:16,180 [INFO] ApplicationProperties:181 - Using Application install path: C:\ST\STM32CubeIDE_1.7.0\STM32CubeIDE\plugins\com.st.stm32cube.common.mx_6.3.0.202107141111
2022-09-21 10:43:16,298 [INFO] MainUpdater:2671 - connection check result : 10
2022-09-21 10:43:16,299 [INFO] MainUpdater:265 - Updater Check For Update Now.
2022-09-21 10:43:16,299 [INFO] MicroXplorer:478 - Change Database Version : DB.6.0.30
2022-09-21 10:43:16,471 [INFO] CheckServerUpdateThread:112 - End of CheckServer Thread
2022-09-21 10:43:16,533 [INFO] MainUpdater:2671 - connection check result : 10
2022-09-21 10:43:16,904 [WARN] PackLoader:238 - Cannot read IP mode file for STMicroelectronics.X-CUBE-GNSS1.6.0.0
2022-09-21 10:43:16,948 [WARN] PackLoader:238 - Cannot read IP mode file for STMicroelectronics.X-CUBE-AZRTOS-F4.1.1.0
2022-09-21 10:43:16,957 [INFO] McuFinderGlobals:52 - Set McuFinderConnectedMode to false
2022-09-21 10:43:16,981 [WARN] PackLoader:238 - Cannot read IP mode file for STMicroelectronics.X-CUBE-AZRTOS-F7.1.1.0
2022-09-21 10:43:17,000 [WARN] PackLoader:238 - Cannot read IP mode file for STMicroelectronics.X-CUBE-BLE1.6.2.3
2022-09-21 10:43:17,015 [WARN] PackLoader:238 - Cannot read IP mode file for STMicroelectronics.X-CUBE-NFC4.2.0.4
2022-09-21 10:43:17,034 [WARN] PackLoader:238 - Cannot read IP mode file for STMicroelectronics.X-CUBE-TOF1.3.1.0
2022-09-21 10:43:17,049 [WARN] PackLoader:238 - Cannot read IP mode file for wolfSSL.I-CUBE-wolfSSL.5.5.0
2022-09-21 10:43:17,063 [INFO] CrossSelectorPresenter:1330 - Cross Selector saved comparison directory: C:\Users\kd\.stmcufinder\plugins\mcufinder\mcu\cs_comparisons_mx
2022-09-21 10:43:17,063 [WARN] PackLoader:238 - Cannot read IP mode file for STMicroelectronics.X-CUBE-NFC7.1.0.0
2022-09-21 10:43:17,070 [INFO] MultiScanPanel:197 - Auto-refresh data requested => check proxy status ongoing
2022-09-21 10:43:17,070 [INFO] MultiScanPanel:201 - Proxy status is invalid
2022-09-21 10:43:17,074 [INFO] FinderPluginLoader:87 - Searching for filters in installed packs
2022-09-21 10:43:17,075 [INFO] DbMcusXml:100 - Load MCU database from C:\ST\STM32CubeIDE_1.7.0\STM32CubeIDE\plugins\com.st.stm32cube.common.mx_6.3.0.202107141111\\db\/mcu/families.xml
2022-09-21 10:43:17,127 [WARN] PackLoader:238 - Cannot read IP mode file for STMicroelectronics.X-CUBE-MEMS1.9.3.0
2022-09-21 10:43:17,424 [WARN] PackLoader:238 - Cannot read IP mode file for STMicroelectronics.X-CUBE-AI.7.2.0
2022-09-21 10:43:17,442 [WARN] PackLoader:238 - Cannot read IP mode file for STMicroelectronics.X-CUBE-SFXS2LP1.4.0.0
2022-09-21 10:43:17,455 [WARN] PackLoader:238 - Cannot read IP mode file for STMicroelectronics.X-CUBE-BLE2.3.3.0
2022-09-21 10:43:17,468 [WARN] PackLoader:238 - Cannot read IP mode file for STMicroelectronics.X-CUBE-DISPLAY.2.2.0
2022-09-21 10:43:17,482 [WARN] PackLoader:238 - Cannot read IP mode file for STMicroelectronics.X-CUBE-ISPU.1.0.0
2022-09-21 10:43:17,494 [WARN] PackLoader:238 - Cannot read IP mode file for RoweBots.I-CUBE-UNISONRTOS.5.5.0-4
2022-09-21 10:43:17,539 [WARN] PackLoader:238 - Cannot read IP mode file for STMicroelectronics.X-CUBE-AZRTOS-H7.2.1.0
2022-09-21 10:43:17,559 [WARN] PackLoader:238 - Cannot read IP mode file for STMicroelectronics.X-CUBE-BLEMGR.1.0.0
2022-09-21 10:43:17,573 [WARN] PackLoader:238 - Cannot read IP mode file for STMicroelectronics.X-CUBE-ALGOBUILD.1.3.0
2022-09-21 10:43:17,608 [WARN] PackLoader:238 - Cannot read IP mode file for STMicroelectronics.X-CUBE-AZRTOS-G0.1.1.0
2022-09-21 10:43:17,631 [WARN] PackLoader:238 - Cannot read IP mode file for STMicroelectronics.X-CUBE-SUBG2.5.0.0
2022-09-21 10:43:17,694 [WARN] PackLoader:238 - Cannot read IP mode file for SEGGER.I-CUBE-embOS.1.2.0
2022-09-21 10:43:17,753 [WARN] PackLoader:238 - Cannot read IP mode file for STMicroelectronics.FP-ATR-ASTRA1.1.1.1
2022-09-21 10:43:17,784 [WARN] PackLoader:238 - Cannot read IP mode file for STMicroelectronics.X-CUBE-AZRTOS-G4.1.0.0
2022-09-21 10:43:17,821 [WARN] PackLoader:238 - Cannot read IP mode file for STMicroelectronics.X-CUBE-AZRTOS-L4.1.0.0
2022-09-21 10:43:17,834 [WARN] PackLoader:238 - Cannot read IP mode file for emotas.I-CUBE-CANOPEN.1.1.2
2022-09-21 10:43:17,844 [WARN] PackLoader:238 - Cannot read IP mode file for STMicroelectronics.X-CUBE-TOUCHGFX.4.20.0
2022-09-21 10:43:17,870 [WARN] PackLoader:238 - Cannot read IP mode file for STMicroelectronics.X-CUBE-AZRTOS-WL.1.0.0
2022-09-21 10:43:17,881 [WARN] PackLoader:238 - Cannot read IP mode file for portGmbH.I-Cube-SoM-uGOAL.1.1.0
2022-09-21 10:43:17,891 [WARN] PackLoader:238 - Cannot read IP mode file for STMicroelectronics.X-CUBE-ALS.1.0.1
2022-09-21 10:43:17,928 [WARN] PackLoader:238 - Cannot read IP mode file for STMicroelectronics.X-CUBE-AZRTOS-L5.1.0.0
2022-09-21 10:43:17,942 [WARN] PackLoader:238 - Cannot read IP mode file for STMicroelectronics.X-CUBE-EEPRMA1.3.1.1
2022-09-21 10:43:17,944 [INFO] ThirdParty:915 - Integrity check success = true
2022-09-21 10:43:17,944 [INFO] IntegrityCheckThread:94 - exiting critical section [integrity check]
2022-09-21 10:43:17,944 [INFO] IntegrityCheckThread:97 - End integrity checks thread
2022-09-21 10:43:18,014 [INFO] DbMcusJson:93 - JSON generation date=Tue Nov 16 23:17:54 ICT 2021 (1637079474)
2022-09-21 10:43:18,610 [INFO] DbMcus:175 - Found 1951 MCUs (1903 are supported by CubeMX, 1914 are visible in CubeMX)
2022-09-21 10:43:18,614 [INFO] ApiDb:251 - Load user favorites file C:\Users\kd/.stm32cubeide/favorites.mcus.txt: 0 item(s)
2022-09-21 10:43:18,615 [INFO] ApiDb:255 - User favorites MCUs=[]
2022-09-21 10:43:18,615 [INFO] DbMcus:187 - Set 0 / 0 favorites MCUs
2022-09-21 10:43:19,020 [INFO] DetailPanel:309 - Set advertising image to C:/Users/kd/STM32Cube/Repository/\en.Prom_NBSTM32U50921.jpg
2022-09-21 10:43:19,399 [INFO] DbBoardsPdsc:90 - Found 25 items
2022-09-21 10:43:19,405 [INFO] DbBoardsPdsc:90 - Found 9 items
2022-09-21 10:43:19,414 [INFO] DbBoardsPdsc:90 - Found 33 items
2022-09-21 10:43:19,419 [INFO] DbBoardsPdsc:90 - Found 1 items
2022-09-21 10:43:19,431 [INFO] DbBoardsPdsc:90 - Found 48 items
2022-09-21 10:43:19,444 [INFO] DbBoardsPdsc:90 - Found 43 items
2022-09-21 10:43:19,449 [INFO] DbBoardsPdsc:90 - Found 2 items
2022-09-21 10:43:19,456 [INFO] DbBoardsPdsc:90 - Found 5 items
2022-09-21 10:43:19,459 [WARN] DbBoardsPdsc:254 - Board STM32H7B3I-DK: unknown feature type=Audio, name=, username=Audio stereo codec with Headphone Amp (CS42L51-CNZ), n=1
2022-09-21 10:43:19,459 [WARN] DbBoardsPdsc:254 - Board STM32H735G-DK: unknown feature type=Audio, name=, username=Audio stereo codec with Headphone Amp (WM8994ECS/R), n=1
2022-09-21 10:43:19,460 [WARN] DbBoardsPdsc:254 - Board STM32H7B3I-EVAL: unknown feature type=Audio, name=, username=Multi-Channel Audio Codec (CS42L51-CNZ), n=1
2022-09-21 10:43:19,460 [WARN] DbBoardsPdsc:254 - Board STM32H7B3I-EVAL: unknown feature type=Meter, name=, username=Power-metering and Temperature-monitoring with sigma-delta modulators, n=1
2022-09-21 10:43:19,461 [WARN] DbBoardsPdsc:254 - Board STM32H7B3I-EVAL: unknown feature type=Motor, name=, username=Motor Control, n=1
2022-09-21 10:43:19,461 [WARN] DbBoardsPdsc:254 - Board STM32U575I-EV: unknown feature type=joystick, name=, username=4-direction joystick with selection button, n=1
2022-09-21 10:43:19,501 [INFO] DbBoardsJson:86 - JSON generation date=Tue Nov 16 23:17:54 ICT 2021 (1637079474)
2022-09-21 10:43:19,505 [INFO] DbBoards:117 - Found 167 boards (163 are supported by CubeMX)
2022-09-21 10:43:19,512 [INFO] DbBoardsDocs:143 - JSON generation date=Tue Nov 16 23:17:54 ICT 2021 (1637079474)
2022-09-21 10:43:19,514 [INFO] DbBoardsDocs:79 - Found 209 boards documents
2022-09-21 10:43:19,515 [WARN] DbBoards:127 - board B-L475E-IOT01A2 has no document id list !
2022-09-21 10:43:19,515 [WARN] DbBoards:127 - board NUCLEO-H743ZI has no document id list !
2022-09-21 10:43:19,516 [WARN] DbBoards:127 - board NUCLEO-WL55JC2 has no document id list !
2022-09-21 10:43:19,516 [WARN] DbBoards:127 - board P-NUCLEO-WB55-Nucleo has no document id list !
2022-09-21 10:43:19,516 [WARN] DbBoards:127 - board P-NUCLEO-WB55-USBDongle has no document id list !
2022-09-21 10:43:19,516 [WARN] DbBoards:127 - board STEVAL-BFA001V1B has no document id list !
2022-09-21 10:43:19,516 [WARN] DbBoards:127 - board STEVAL-BFA001V2B has no document id list !
2022-09-21 10:43:19,516 [WARN] DbBoards:127 - board STEVAL-IDP005V1 has no document id list !
2022-09-21 10:43:19,516 [WARN] DbBoards:127 - board STEVAL-IDP005V2 has no document id list !
2022-09-21 10:43:19,516 [WARN] DbBoards:127 - board STEVAL-MKSBOX1V1 has no document id list !
2022-09-21 10:43:19,516 [WARN] DbBoards:127 - board STEVAL-STWINKT1 has no document id list !
2022-09-21 10:43:19,516 [WARN] DbBoards:127 - board STEVAL-STWINKT1B has no document id list !
2022-09-21 10:43:19,517 [WARN] DbBoards:127 - board STM32439I-EVAL2 has no document id list !
2022-09-21 10:43:19,517 [WARN] DbBoards:127 - board STM32F401C-DISCO has no document id list !
2022-09-21 10:43:19,517 [WARN] DbBoards:127 - board STM32F769I-DISC1 has no document id list !
2022-09-21 10:43:19,517 [WARN] DbBoards:127 - board STM32G474E-EVAL1 has no document id list !
2022-09-21 10:43:19,517 [WARN] DbBoards:127 - board STM32H743I-EVAL2 has no document id list !
2022-09-21 10:43:19,518 [WARN] DbBoards:127 - board STM32H747I-DISC1 has no document id list !
2022-09-21 10:43:19,518 [WARN] DbBoards:127 - board STM32H753I-EVAL2 has no document id list !
2022-09-21 10:43:19,518 [WARN] DbBoards:127 - board STM32L-DISCOVERY has no document id list !
2022-09-21 10:43:19,631 [ERROR] DbBoards:189 - Image file not found for board B-U585I-IOT02A: C:\ST\STM32CubeIDE_1.7.0\STM32CubeIDE\plugins\com.st.stm32cube.common.mx_6.3.0.202107141111\\db\/plugins/mcufinder/images/boards/B-U585I-IOT02A_small.jpg
2022-09-21 10:43:19,727 [ERROR] DbBoards:189 - Image file not found for board NUCLEO-F413ZH: C:\ST\STM32CubeIDE_1.7.0\STM32CubeIDE\plugins\com.st.stm32cube.common.mx_6.3.0.202107141111\\db\/plugins/mcufinder/images/boards/nucleo-f413zh_small.jpg
2022-09-21 10:43:19,897 [ERROR] DbBoards:189 - Image file not found for board NUCLEO-L552ZE-Q: C:\ST\STM32CubeIDE_1.7.0\STM32CubeIDE\plugins\com.st.stm32cube.common.mx_6.3.0.202107141111\\db\/plugins/mcufinder/images/boards/nucleo_l552ze_q_small.jpg
2022-09-21 10:43:19,898 [ERROR] DbBoards:189 - Image file not found for board NUCLEO-U575ZI-Q: C:\ST\STM32CubeIDE_1.7.0\STM32CubeIDE\plugins\com.st.stm32cube.common.mx_6.3.0.202107141111\\db\/plugins/mcufinder/images/boards/nucleo-u575zi-q_small.jpg
2022-09-21 10:43:19,898 [ERROR] DbBoards:189 - Image file not found for board NUCLEO-WB15CC: C:\ST\STM32CubeIDE_1.7.0\STM32CubeIDE\plugins\com.st.stm32cube.common.mx_6.3.0.202107141111\\db\/plugins/mcufinder/images/boards/nucleo-wb15cc_small.jpg
2022-09-21 10:43:19,898 [ERROR] DbBoards:189 - Image file not found for board NUCLEO-WB55RG: C:\ST\STM32CubeIDE_1.7.0\STM32CubeIDE\plugins\com.st.stm32cube.common.mx_6.3.0.202107141111\\db\/plugins/mcufinder/images/boards/nucleo-wb55rg_small.jpg
2022-09-21 10:43:20,948 [INFO] ApiDb:251 - Load user favorites file C:\Users\kd/.stm32cubeide/favorites.boards.txt: 0 item(s)
2022-09-21 10:43:20,948 [INFO] ApiDb:255 - User favorites Boards=[]
2022-09-21 10:43:20,949 [INFO] DbBoards:206 - Set 0 / 0 favorites Boards
2022-09-21 10:43:32,810 [INFO] DbMcusDocs:143 - JSON generation date=Tue Nov 16 23:17:54 ICT 2021 (1637079474)
2022-09-21 10:43:33,075 [INFO] DbMcusDocs:79 - Found 682 MCUs documents
2022-09-21 10:44:10,732 [INFO] MainUpdater:2671 - connection check result : 10
2022-09-21 10:44:10,732 [INFO] MainUpdater:2671 - connection check result : 10
2022-09-21 10:44:10,777 [INFO] MicroXplorer:448 - Change Database Path : 
2022-09-21 10:44:10,778 [INFO] MicroXplorer:478 - Change Database Version : DB.6.0.30
2022-09-21 10:44:10,778 [WARN] ThirdParty:813 - waiting for thirdparty lock release [close project]
2022-09-21 10:44:10,779 [INFO] ThirdParty:815 - entering critical section [close project]
2022-09-21 10:44:10,779 [INFO] ThirdParty:825 - exiting critical section [close project]
2022-09-21 10:44:10,785 [INFO] PinOutPanel:1463 - setPackage(No Configuration,No Configuration)
2022-09-21 10:44:10,785 [INFO] UtilMem:74 - Begin LoadConfig() Used Memory: 727024528 Bytes (897581056)
2022-09-21 10:44:10,786 [INFO] MicroXplorer:448 - Change Database Path : 
2022-09-21 10:44:10,786 [INFO] MicroXplorer:478 - Change Database Version : DB.6.0.30
2022-09-21 10:44:10,786 [INFO] OpenFileManager:313 - Change cursor
2022-09-21 10:44:11,456 [INFO] Context:592 - Trying to add GPIOservice into a context  which must be forbidden
2022-09-21 10:44:11,629 [INFO] ImportTextPane:167 - (OptionalMessage_ERROR) Unable to find key (Mcu.ThirdPartyNb) in loaded IOC file
2022-09-21 10:44:11,629 [INFO] ImportTextPane:167 - (OptionalMessage_ERROR) Unable to find key (Mcu.PinsNb) in loaded IOC file
2022-09-21 10:44:11,629 [INFO] ImportTextPane:167 - (OptionalMessage_ERROR) Unable to find key (Mcu.IPNb) in loaded IOC file
2022-09-21 10:44:11,665 [WARN] ApiManager:304 - Cannot register API 'Board Extension:GNSS1A1' from pack STMicroelectronics.X-CUBE-GNSS1.6.0.0: no header file found
2022-09-21 10:44:11,665 [WARN] ApiManager:304 - Cannot register API 'Board Support:Custom' from pack STMicroelectronics.X-CUBE-GNSS1.6.0.0: no header file found
2022-09-21 10:44:11,666 [WARN] ApiManager:304 - Cannot register API 'Data Exchange:lib_gnss' from pack STMicroelectronics.X-CUBE-GNSS1.6.0.0: no header file found
2022-09-21 10:44:11,675 [WARN] ModelIntegratedComponent:60 - No mode defined for component null
2022-09-21 10:44:11,675 [WARN] ModelIntegratedComponent:60 - No mode defined for component null
2022-09-21 10:44:11,675 [WARN] ModelIntegratedComponent:60 - No mode defined for component null
2022-09-21 10:44:11,675 [WARN] ModelIntegratedComponent:60 - No mode defined for component null
2022-09-21 10:44:11,675 [WARN] ModelIntegratedComponent:60 - No mode defined for component null
2022-09-21 10:44:11,675 [WARN] ModelIntegratedComponent:60 - No mode defined for component null
2022-09-21 10:44:11,675 [WARN] ModelIntegratedComponent:60 - No mode defined for component null
2022-09-21 10:44:11,675 [WARN] ModelIntegratedComponent:60 - No mode defined for component null
2022-09-21 10:44:11,675 [WARN] ModelIntegratedComponent:60 - No mode defined for component null
2022-09-21 10:44:11,675 [WARN] ModelIntegratedComponent:60 - No mode defined for component null
2022-09-21 10:44:11,676 [WARN] ModelIntegratedComponent:60 - No mode defined for component null
2022-09-21 10:44:11,676 [WARN] ModelIntegratedComponent:60 - No mode defined for component null
2022-09-21 10:44:11,676 [WARN] ModelIntegratedComponent:60 - No mode defined for component null
2022-09-21 10:44:11,676 [WARN] ModelIntegratedComponent:60 - No mode defined for component null
2022-09-21 10:44:11,676 [WARN] ModelIntegratedComponent:60 - No mode defined for component null
2022-09-21 10:44:11,676 [WARN] ModelIntegratedComponent:60 - No mode defined for component null
2022-09-21 10:44:11,676 [WARN] ModelIntegratedComponent:60 - No mode defined for component null
2022-09-21 10:44:11,676 [WARN] ModelIntegratedComponent:60 - No mode defined for component null
2022-09-21 10:44:11,676 [WARN] ModelIntegratedComponent:60 - No mode defined for component null
2022-09-21 10:44:11,676 [WARN] ModelIntegratedComponent:60 - No mode defined for component null
2022-09-21 10:44:11,676 [WARN] ModelIntegratedComponent:60 - No mode defined for component null
2022-09-21 10:44:11,676 [WARN] ModelIntegratedComponent:60 - No mode defined for component null
2022-09-21 10:44:11,676 [WARN] ModelIntegratedComponent:60 - No mode defined for component null
2022-09-21 10:44:11,676 [WARN] ModelIntegratedComponent:60 - No mode defined for component null
2022-09-21 10:44:11,677 [WARN] ModelIntegratedComponent:60 - No mode defined for component null
2022-09-21 10:44:11,677 [WARN] ModelIntegratedComponent:60 - No mode defined for component null
2022-09-21 10:44:11,677 [WARN] ModelIntegratedComponent:60 - No mode defined for component null
2022-09-21 10:44:11,677 [WARN] ModelIntegratedComponent:60 - No mode defined for component null
2022-09-21 10:44:11,677 [WARN] ModelIntegratedComponent:60 - No mode defined for component null
2022-09-21 10:44:11,677 [WARN] ModelIntegratedComponent:60 - No mode defined for component null
2022-09-21 10:44:11,677 [WARN] ModelIntegratedComponent:60 - No mode defined for component null
2022-09-21 10:44:11,679 [WARN] ApiManager:304 - Cannot register API 'Board Extension:NFC07A1' from pack STMicroelectronics.X-CUBE-NFC7.1.0.0: no header file found
2022-09-21 10:44:11,817 [WARN] ApiManager:304 - Cannot register API 'Board Extension:IKS01A3' from pack STMicroelectronics.X-CUBE-MEMS1.9.3.0: no header file found
2022-09-21 10:44:11,817 [WARN] ApiManager:304 - Cannot register API 'Board Extension:IKS01A2' from pack STMicroelectronics.X-CUBE-MEMS1.9.3.0: no header file found
2022-09-21 10:44:11,817 [WARN] ApiManager:304 - Cannot register API 'Board Extension:IKS02A1' from pack STMicroelectronics.X-CUBE-MEMS1.9.3.0: no header file found
2022-09-21 10:44:11,825 [WARN] ApiManager:304 - Cannot register API 'Wireless:BlueNRG-MS' from pack STMicroelectronics.X-CUBE-BLE1.6.2.3: no header file found
2022-09-21 10:44:11,827 [INFO] RtosManager:484 - Registered RTOS mode: class=CMSIS, group=RTOS, mode=CMSIS_V1, owner=FREERTOS
2022-09-21 10:44:11,828 [INFO] RtosManager:484 - Registered RTOS mode: class=CMSIS, group=RTOS2, mode=CMSIS_V2, owner=FREERTOS
2022-09-21 10:44:11,828 [INFO] RtosManager:484 - Registered RTOS mode: class=RTOS, group=Core, mode=CMSIS_V1, owner=FREERTOS
2022-09-21 10:44:11,828 [INFO] RtosManager:484 - Registered RTOS mode: class=RTOS, group=Core, mode=CMSIS_V2, owner=FREERTOS
2022-09-21 10:44:11,828 [WARN] ModelIntegratedComponent:181 - Missing modes for component STMicroelectronics:FreeRTOS:0.0.1:STMicroelectronics:RTOS:FreeRTOS:Core:::10.2.0:
2022-09-21 10:44:11,831 [WARN] ApiManager:304 - Cannot register API 'Board Extension:S2868A1' from pack STMicroelectronics.X-CUBE-SUBG2.5.0.0: no header file found
2022-09-21 10:44:11,831 [WARN] ApiManager:304 - Cannot register API 'Board Extension:S2868A2' from pack STMicroelectronics.X-CUBE-SUBG2.5.0.0: no header file found
2022-09-21 10:44:11,831 [WARN] ApiManager:304 - Cannot register API 'Board Extension:S2915A1' from pack STMicroelectronics.X-CUBE-SUBG2.5.0.0: no header file found
2022-09-21 10:44:11,834 [WARN] ApiManager:304 - Cannot register API 'Board Extension:EEPRMA1' from pack STMicroelectronics.X-CUBE-EEPRMA1.3.1.1: no header file found
2022-09-21 10:44:11,834 [WARN] ApiManager:304 - Cannot register API 'Board Extension:EEPRMA2' from pack STMicroelectronics.X-CUBE-EEPRMA1.3.1.1: no header file found
2022-09-21 10:44:11,835 [WARN] ApiManager:304 - Cannot register API 'Board Extension:S2868A1' from pack STMicroelectronics.X-CUBE-SFXS2LP1.4.0.0: no header file found
2022-09-21 10:44:11,835 [WARN] ApiManager:304 - Cannot register API 'Board Extension:S2868A2' from pack STMicroelectronics.X-CUBE-SFXS2LP1.4.0.0: no header file found
2022-09-21 10:44:11,835 [WARN] ApiManager:304 - Cannot register API 'Board Extension:S2915A1' from pack STMicroelectronics.X-CUBE-SFXS2LP1.4.0.0: no header file found
2022-09-21 10:44:11,835 [WARN] ApiManager:304 - Cannot register API 'Wireless:BlueNRG-2' from pack STMicroelectronics.X-CUBE-BLE2.3.3.0: no header file found
2022-09-21 10:44:11,836 [WARN] ApiManager:304 - Cannot register API 'Board Extension:NFC04A1' from pack STMicroelectronics.X-CUBE-NFC4.2.0.4: no header file found
2022-09-21 10:44:13,010 [INFO] UtilMem:74 - End LoadConfig() Used Memory: 753612520 Bytes (897581056)
2022-09-21 10:44:13,015 [WARN] ThirdParty:779 - waiting for thirdparty lock release [change project]
2022-09-21 10:44:13,015 [INFO] ThirdParty:781 - entering critical section [change project]
2022-09-21 10:44:13,015 [INFO] ThirdParty:967 - CMSIS Pack Vendor :RoweBots I-CUBE-UNISONRTOS 5.5.0-4
2022-09-21 10:44:13,015 [INFO] ThirdParty:967 - CMSIS Pack Vendor :STMicroelectronics X-CUBE-GNSS1 6.0.0
2022-09-21 10:44:13,015 [INFO] ThirdParty:967 - CMSIS Pack Vendor :STMicroelectronics X-CUBE-AZRTOS-H7 2.1.0
2022-09-21 10:44:13,015 [INFO] ThirdParty:967 - CMSIS Pack Vendor :STMicroelectronics USB_HOST 2.0.0
2022-09-21 10:44:13,015 [INFO] ThirdParty:967 - CMSIS Pack Vendor :STMicroelectronics X-CUBE-AZRTOS-F4 1.1.0
2022-09-21 10:44:13,015 [INFO] ThirdParty:967 - CMSIS Pack Vendor :STMicroelectronics X-CUBE-AZRTOS-G4 1.0.0
2022-09-21 10:44:13,015 [INFO] ThirdParty:967 - CMSIS Pack Vendor :STMicroelectronics X-CUBE-AZRTOS-L4 1.0.0
2022-09-21 10:44:13,017 [INFO] ThirdParty:967 - CMSIS Pack Vendor :STMicroelectronics USB_DEVICE 3.0.0
2022-09-21 10:44:13,017 [INFO] ThirdParty:967 - CMSIS Pack Vendor :wolfSSL I-CUBE-wolfSSL 5.5.0
2022-09-21 10:44:13,017 [INFO] ThirdParty:967 - CMSIS Pack Vendor :STMicroelectronics HAL Drivers 0.0.0
2022-09-21 10:44:13,017 [INFO] ThirdParty:967 - CMSIS Pack Vendor :STMicroelectronics MBEDTLS 2.16.2
2022-09-21 10:44:13,017 [INFO] ThirdParty:967 - CMSIS Pack Vendor :emotas I-CUBE-CANOPEN 1.1.2
2022-09-21 10:44:13,017 [INFO] ThirdParty:967 - CMSIS Pack Vendor :STMicroelectronics X-CUBE-TOUCHGFX 4.20.0
2022-09-21 10:44:13,017 [INFO] ThirdParty:967 - CMSIS Pack Vendor :STMicroelectronics MBEDTLS 2.14.1
2022-09-21 10:44:13,017 [INFO] ThirdParty:967 - CMSIS Pack Vendor :STMicroelectronics X-CUBE-NFC7 1.0.0
2022-09-21 10:44:13,017 [INFO] ThirdParty:967 - CMSIS Pack Vendor :STMicroelectronics X-CUBE-BLEMGR 1.0.0
2022-09-21 10:44:13,017 [INFO] ThirdParty:967 - CMSIS Pack Vendor :STMicroelectronics X-CUBE-AZRTOS-WL 1.0.0
2022-09-21 10:44:13,017 [INFO] ThirdParty:967 - CMSIS Pack Vendor :STMicroelectronics X-CUBE-AZRTOS-F7 1.1.0
2022-09-21 10:44:13,017 [INFO] ThirdParty:967 - CMSIS Pack Vendor :STMicroelectronics X-CUBE-MEMS1 9.3.0
2022-09-21 10:44:13,017 [INFO] ThirdParty:967 - CMSIS Pack Vendor :portGmbH I-Cube-SoM-uGOAL 1.1.0
2022-09-21 10:44:13,017 [INFO] ThirdParty:967 - CMSIS Pack Vendor :STMicroelectronics X-CUBE-ALS 1.0.1
2022-09-21 10:44:13,017 [INFO] ThirdParty:967 - CMSIS Pack Vendor :STMicroelectronics USB_DEVICE 2.0.0
2022-09-21 10:44:13,017 [INFO] ThirdParty:967 - CMSIS Pack Vendor :STMicroelectronics X-CUBE-AI 7.2.0
2022-09-21 10:44:13,017 [INFO] ThirdParty:967 - CMSIS Pack Vendor :STMicroelectronics X-CUBE-BLE1 6.2.3
2022-09-21 10:44:13,017 [INFO] ThirdParty:967 - CMSIS Pack Vendor :STMicroelectronics X-CUBE-ALGOBUILD 1.3.0
2022-09-21 10:44:13,018 [INFO] ThirdParty:967 - CMSIS Pack Vendor :STMicroelectronics X-CUBE-AZRTOS-L5 1.0.0
2022-09-21 10:44:13,018 [INFO] ThirdParty:967 - CMSIS Pack Vendor :STMicroelectronics FreeRTOS 0.0.1
2022-09-21 10:44:13,018 [INFO] ThirdParty:967 - CMSIS Pack Vendor :STMicroelectronics X-CUBE-AZRTOS-G0 1.1.0
2022-09-21 10:44:13,018 [INFO] ThirdParty:967 - CMSIS Pack Vendor :STMicroelectronics USB_DEVICE 1.0.0
2022-09-21 10:44:13,018 [INFO] ThirdParty:967 - CMSIS Pack Vendor :STMicroelectronics X-CUBE-SUBG2 5.0.0
2022-09-21 10:44:13,018 [INFO] ThirdParty:967 - CMSIS Pack Vendor :SEGGER I-CUBE-embOS 1.2.0
2022-09-21 10:44:13,018 [INFO] ThirdParty:967 - CMSIS Pack Vendor :STMicroelectronics X-CUBE-EEPRMA1 3.1.1
2022-09-21 10:44:13,018 [INFO] ThirdParty:967 - CMSIS Pack Vendor :STMicroelectronics ThreadX 0.0.2
2022-09-21 10:44:13,018 [INFO] ThirdParty:967 - CMSIS Pack Vendor :STMicroelectronics lwIP 2.0.3
2022-09-21 10:44:13,018 [INFO] ThirdParty:967 - CMSIS Pack Vendor :STMicroelectronics lwIP 2.1.2
2022-09-21 10:44:13,018 [INFO] ThirdParty:967 - CMSIS Pack Vendor :STMicroelectronics X-CUBE-SFXS2LP1 4.0.0
2022-09-21 10:44:13,018 [INFO] ThirdParty:967 - CMSIS Pack Vendor :STMicroelectronics X-CUBE-BLE2 3.3.0
2022-09-21 10:44:13,018 [INFO] ThirdParty:967 - CMSIS Pack Vendor :STMicroelectronics X-CUBE-NFC4 2.0.4
2022-09-21 10:44:13,018 [INFO] ThirdParty:967 - CMSIS Pack Vendor :STMicroelectronics USB_HOST 1.0.0
2022-09-21 10:44:13,018 [INFO] ThirdParty:967 - CMSIS Pack Vendor :STMicroelectronics X-CUBE-DISPLAY 2.2.0
2022-09-21 10:44:13,018 [INFO] ThirdParty:967 - CMSIS Pack Vendor :STMicroelectronics PDM2PCM 3.1.0
2022-09-21 10:44:13,018 [INFO] ThirdParty:967 - CMSIS Pack Vendor :STMicroelectronics FP-ATR-ASTRA1 1.1.1
2022-09-21 10:44:13,018 [INFO] ThirdParty:967 - CMSIS Pack Vendor :STMicroelectronics PDM2PCM 3.2.0
2022-09-21 10:44:13,018 [INFO] ThirdParty:967 - CMSIS Pack Vendor :STMicroelectronics PDM2PCM 3.3.0
2022-09-21 10:44:13,018 [INFO] ThirdParty:967 - CMSIS Pack Vendor :STMicroelectronics X-CUBE-TOF1 3.1.0
2022-09-21 10:44:13,018 [INFO] ThirdParty:967 - CMSIS Pack Vendor :STMicroelectronics X-CUBE-ISPU 1.0.0
2022-09-21 10:44:13,018 [INFO] ThirdParty:787 - exiting critical section [change project]
2022-09-21 10:44:13,212 [INFO] PinOutPanel:1463 - setPackage(No Configuration,No Configuration)
2022-09-21 10:44:13,213 [INFO] PinOutPanel:1463 - setPackage(STM32F103C6Ux,UFQFPN48)
2022-09-21 10:44:13,519 [INFO] UtilMem:74 - Before build in PCC Used Memory: 629822784 Bytes (897581056)
2022-09-21 10:44:14,018 [INFO] UtilMem:74 - After build in PCC Used Memory: 708465984 Bytes (897581056)
2022-09-21 10:44:14,034 [INFO] IPUIPlugin:74 - create IPUIPlugin
2022-09-21 10:44:14,034 [INFO] IPUIPlugin:74 - create IPUIPlugin
2022-09-21 10:44:14,034 [INFO] IPUIPlugin:74 - create IPUIPlugin
2022-09-21 10:44:14,035 [INFO] IPUIPlugin:74 - create IPUIPlugin
2022-09-21 10:44:14,035 [INFO] IPUIPlugin:74 - create IPUIPlugin
2022-09-21 10:44:14,035 [INFO] IPUIPlugin:74 - create IPUIPlugin
2022-09-21 10:44:14,035 [INFO] IPUIPlugin:74 - create IPUIPlugin
2022-09-21 10:44:14,035 [INFO] IPUIPlugin:74 - create IPUIPlugin
2022-09-21 10:44:14,035 [INFO] IPUIPlugin:74 - create IPUIPlugin
2022-09-21 10:44:14,035 [INFO] IPUIPlugin:74 - create IPUIPlugin
2022-09-21 10:44:14,036 [INFO] IPUIPlugin:74 - create IPUIPlugin
2022-09-21 10:44:14,036 [INFO] IPUIPlugin:74 - create IPUIPlugin
2022-09-21 10:44:14,036 [INFO] IPUIPlugin:74 - create IPUIPlugin
2022-09-21 10:44:14,036 [INFO] IPUIPlugin:74 - create IPUIPlugin
2022-09-21 10:44:14,036 [INFO] IPUIPlugin:74 - create IPUIPlugin
2022-09-21 10:44:14,037 [INFO] IPUIPlugin:74 - create IPUIPlugin
2022-09-21 10:44:14,037 [INFO] IPUIPlugin:74 - create IPUIPlugin
2022-09-21 10:44:14,037 [INFO] IPUIPlugin:74 - create IPUIPlugin
2022-09-21 10:44:14,037 [INFO] IPUIPlugin:74 - create IPUIPlugin
2022-09-21 10:44:14,038 [INFO] IPUIPlugin:74 - create IPUIPlugin
2022-09-21 10:44:14,038 [INFO] IPUIPlugin:74 - create IPUIPlugin
2022-09-21 10:44:14,038 [INFO] IPUIPlugin:74 - create IPUIPlugin
2022-09-21 10:44:14,039 [INFO] IPUIPlugin:74 - create IPUIPlugin
2022-09-21 10:44:14,134 [INFO] OpenFileManager:333 - Restore cursor
2022-09-21 10:44:14,348 [INFO] UtilMem:74 - End SaveConfig() Used Memory: 773999936 Bytes (897581056)
2022-09-21 10:44:14,383 [INFO] UtilMem:74 - End SaveConfig() Used Memory: 786060608 Bytes (897581056)
2022-09-21 10:44:14,646 [INFO] BlockDiagram:2740 - set Specific Code input for plugin: NVIC
2022-09-21 10:44:14,646 [INFO] BlockDiagram:2740 - set Specific Code input for plugin: SYS
2022-09-21 10:44:14,646 [INFO] BlockDiagram:2740 - set Specific Code input for plugin: RCC
2022-09-21 10:44:14,647 [INFO] CodeGenerator:663 - code generatio: config db path: C:\ST\STM32CubeIDE_1.7.0\STM32CubeIDE\plugins\com.st.stm32cube.common.mx_6.3.0.202107141111\\db\
2022-09-21 10:44:14,917 [INFO] CodeEngine:239 - oldGeneratedFile, C:\Kd\UNI-Lectures\MCU-MPU\Lab\Lab2\WorkSpace\Timer\MXTmpFiles\license.tmp_save
2022-09-21 10:44:15,180 [INFO] CodeEngine:257 - Generated code: C:\Kd\UNI-Lectures\MCU-MPU\Lab\Lab2\WorkSpace\Timer\MXTmpFiles\license.tmp
2022-09-21 10:44:15,277 [INFO] CodeEngine:239 - oldGeneratedFile, C:\Kd\UNI-Lectures\MCU-MPU\Lab\Lab2\WorkSpace\Timer\Core\Src\stm32f1xx_it.c_save
2022-09-21 10:44:15,380 [INFO] CodeEngine:257 - Generated code: C:\Kd\UNI-Lectures\MCU-MPU\Lab\Lab2\WorkSpace\Timer\Core\Src\stm32f1xx_it.c
2022-09-21 10:44:15,387 [INFO] CodeEngine:239 - oldGeneratedFile, C:\Kd\UNI-Lectures\MCU-MPU\Lab\Lab2\WorkSpace\Timer\Core\Inc\stm32f1xx_it.h_save
2022-09-21 10:44:15,437 [INFO] CodeEngine:257 - Generated code: C:\Kd\UNI-Lectures\MCU-MPU\Lab\Lab2\WorkSpace\Timer\Core\Inc\stm32f1xx_it.h
2022-09-21 10:44:15,449 [INFO] CodeEngine:239 - oldGeneratedFile, C:\Kd\UNI-Lectures\MCU-MPU\Lab\Lab2\WorkSpace\Timer\Core\Src\stm32f1xx_hal_msp.c_save
2022-09-21 10:44:15,535 [INFO] CodeEngine:257 - Generated code: C:\Kd\UNI-Lectures\MCU-MPU\Lab\Lab2\WorkSpace\Timer\Core\Src\stm32f1xx_hal_msp.c
2022-09-21 10:44:15,541 [INFO] CodeEngine:239 - oldGeneratedFile, C:\Kd\UNI-Lectures\MCU-MPU\Lab\Lab2\WorkSpace\Timer\MXTmpFiles\system.tmp_save
2022-09-21 10:44:15,584 [INFO] CodeEngine:257 - Generated code: C:\Kd\UNI-Lectures\MCU-MPU\Lab\Lab2\WorkSpace\Timer\MXTmpFiles\system.tmp
2022-09-21 10:44:15,594 [INFO] CodeEngine:239 - oldGeneratedFile, C:\Kd\UNI-Lectures\MCU-MPU\Lab\Lab2\WorkSpace\Timer\Core\Inc\stm32f1xx_hal_conf.h_save
2022-09-21 10:44:15,651 [INFO] CodeEngine:257 - Generated code: C:\Kd\UNI-Lectures\MCU-MPU\Lab\Lab2\WorkSpace\Timer\Core\Inc\stm32f1xx_hal_conf.h
2022-09-21 10:44:15,688 [INFO] CodeEngine:239 - oldGeneratedFile, C:\Kd\UNI-Lectures\MCU-MPU\Lab\Lab2\WorkSpace\Timer\Core\Inc\main.h_save
2022-09-21 10:44:15,761 [INFO] CodeEngine:257 - Generated code: C:\Kd\UNI-Lectures\MCU-MPU\Lab\Lab2\WorkSpace\Timer\Core\Inc\main.h
2022-09-21 10:44:15,769 [INFO] CodeEngine:239 - oldGeneratedFile, C:\Kd\UNI-Lectures\MCU-MPU\Lab\Lab2\WorkSpace\Timer\Core\Src\main.c_save
2022-09-21 10:44:15,861 [INFO] CodeEngine:257 - Generated code: C:\Kd\UNI-Lectures\MCU-MPU\Lab\Lab2\WorkSpace\Timer\Core\Src\main.c
2022-09-21 10:44:16,714 [INFO] ProjectBuilder:2578 - Time for Copy HAL[1] : 229mS.
2022-09-21 10:44:16,720 [INFO] ProjectBuilder:3622 - Project Generator version: 3.14.1
2022-09-21 10:44:17,114 [INFO] ConfigFileManager:1271 - The Die is : DIE412
2022-09-21 10:44:17,140 [INFO] ApiDbMcu:468 - Load IP Config File for FATFS
2022-09-21 10:44:17,170 [INFO] ApiDbMcu:468 - Load IP Config File for FREERTOS
2022-09-21 10:44:17,197 [INFO] ApiDbMcu:468 - Load IP Config File for USB_DEVICE
2022-09-21 10:44:23,072 [INFO] ProjectBuilder:3789 - Time for Generating toolchain IDE Files: 6352mS.
2022-09-21 10:44:23,073 [INFO] ProjectBuilder:2457 - Time for Copy CMSIS : 0mS.
2022-09-21 10:44:23,075 [INFO] ProjectBuilder:2457 - Time for Copy CMSIS : 0mS.
2022-09-21 10:44:23,682 [INFO] McuFinderGlobals:52 - Set McuFinderConnectedMode to true
2022-09-21 10:44:23,683 [INFO] ApiDb:276 - Save user favorites file C:\Users\kd/.stm32cubeide/favorites.mcus.txt: 0 item(s)
2022-09-21 10:44:23,683 [INFO] ApiDb:280 - User favorites MCUs=[]
2022-09-21 10:50:39,797 [INFO] Activator:177 - 


2022-09-21 10:50:39,798 [INFO] Activator:178 - !SESSION log4j initialized
